
ACE v2.1 

  instance
    name:PyCSP

  Loading variables...

  Loading constraints...

  domains
    types:1  values:1568  sizes:[7:224]
  variables
    count:224  arrays:1  degrees:[168:4,169:112,170:108]
  constraints
    count:9302  specific:62  groups:2  arities:[4:9240,8:55,56:4,112:3]
    distribution:[Cardinality:4,ConstraintIntension:9240,LexicographicLE:58]
    intStructures:(1,shared:9239)
    wck:3.06  cpu:3.218  mem:118M421

  Building solver... 

  solver
    guaranteedAC:true
    wck:3.13  cpu:3.281  mem:132M579

  preprocessing
    revisions:(36960,useless=36960)  values:1568  unsat:false
    wck:0.125  cpu:3.359  mem:132M579

